[0.037s] Invoking command in '/home/aakashraawat/colcon_ws/build/unity_robotics_msgs': CMAKE_PREFIX_PATH=${CMAKE_PREFIX_PATH}:/home/aakashraawat/colcon_ws/install/examples_tf2_py:/home/aakashraawat/colcon_ws/install/simulink_subscriber:/home/aakashraawat/colcon_ws/install/unity_robotics_demo:/home/aakashraawat/colcon_ws/install/ros_tcp_endpoint:/home/aakashraawat/colcon_ws/install/py_pubsub:/opt/ros/foxy /usr/bin/cmake --build /home/aakashraawat/colcon_ws/build/unity_robotics_msgs -- -j20 -l20
[0.614s] -- Found rosidl_default_generators: 1.0.1 (/opt/ros/foxy/share/rosidl_default_generators/cmake)
[0.616s] -- Found ament_cmake_core: 0.9.12 (/opt/ros/foxy/share/ament_cmake_core/cmake)
[0.616s] -- Found PythonInterp: /usr/bin/python3 (found suitable version "3.8.10", minimum required is "3") 
[0.616s] -- Using PYTHON_EXECUTABLE: /usr/bin/python3
[0.616s] -- Using all available rosidl_typesupport_c: rosidl_typesupport_fastrtps_c;rosidl_typesupport_introspection_c
[0.616s] -- Found rosidl_adapter: 1.3.1 (/opt/ros/foxy/share/rosidl_adapter/cmake)
[4.544s] -- Using all available rosidl_typesupport_cpp: rosidl_typesupport_fastrtps_cpp;rosidl_typesupport_introspection_cpp
[4.563s] -- Found builtin_interfaces: 1.0.0 (/opt/ros/foxy/share/builtin_interfaces/cmake)
[4.572s] -- Found geometry_msgs: 2.0.5 (/opt/ros/foxy/share/geometry_msgs/cmake)
[4.643s] -- Found PythonInterp: /usr/bin/python3 (found version "3.8.10") 
[4.809s] CMake Error at /opt/ros/foxy/share/rosidl_adapter/cmake/rosidl_adapt_interfaces.cmake:60 (message):
[4.810s]   execute_process(/usr/bin/python3 -m rosidl_adapter --package-name
[4.810s]   unity_robotics_msgs --arguments-file
[4.810s]   /home/aakashraawat/colcon_ws/build/unity_robotics_msgs/rosidl_adapter__arguments__unity_robotics_msgs.json
[4.810s]   --output-dir
[4.810s]   /home/aakashraawat/colcon_ws/build/unity_robotics_msgs/rosidl_adapter/unity_robotics_msgs
[4.810s]   --output-file
[4.810s]   /home/aakashraawat/colcon_ws/build/unity_robotics_msgs/rosidl_adapter/unity_robotics_msgs.idls)
[4.810s]   returned error code 1:
[4.810s] 
[4.810s]   Traceback (most recent call last):
[4.810s] 
[4.810s]     File "/usr/lib/python3.8/runpy.py", line 194, in _run_module_as_main
[4.810s]       return _run_code(code, main_globals, None,
[4.810s]     File "/usr/lib/python3.8/runpy.py", line 87, in _run_code
[4.810s]       exec(code, run_globals)
[4.810s]     File "/opt/ros/foxy/lib/python3.8/site-packages/rosidl_adapter/__main__.py", line 19, in <module>
[4.811s]       sys.exit(main())
[4.811s]     File "/opt/ros/foxy/lib/python3.8/site-packages/rosidl_adapter/main.py", line 53, in main
[4.811s]       abs_idl_file = convert_to_idl(
[4.811s]     File "/opt/ros/foxy/lib/python3.8/site-packages/rosidl_adapter/__init__.py", line 19, in convert_to_idl
[4.811s]       return convert_msg_to_idl(
[4.811s]     File "/opt/ros/foxy/lib/python3.8/site-packages/rosidl_adapter/msg/__init__.py", line 28, in convert_msg_to_idl
[4.811s]       msg = parse_message_string(package_name, input_file.stem, content)
[4.811s]     File "/opt/ros/foxy/lib/python3.8/site-packages/rosidl_adapter/parser.py", line 540, in parse_message_string
[4.811s]       msg = MessageSpecification(pkg_name, msg_name, fields, constants)
[4.811s]     File "/opt/ros/foxy/lib/python3.8/site-packages/rosidl_adapter/parser.py", line 402, in __init__
[4.811s]       raise ValueError(
[4.811s] 
[4.811s]   ValueError: the fields iterable contains duplicate names: x, y, z
[4.811s] 
[4.811s] Call Stack (most recent call first):
[4.811s]   /opt/ros/foxy/share/rosidl_cmake/cmake/rosidl_generate_interfaces.cmake:130 (rosidl_adapt_interfaces)
[4.811s]   CMakeLists.txt:10 (rosidl_generate_interfaces)
[4.811s] 
[4.811s] 
[4.811s] -- Configuring incomplete, errors occurred!
[4.811s] See also "/home/aakashraawat/colcon_ws/build/unity_robotics_msgs/CMakeFiles/CMakeOutput.log".
[4.818s] make: *** [Makefile:1948: cmake_check_build_system] Error 1
[4.821s] Invoked command in '/home/aakashraawat/colcon_ws/build/unity_robotics_msgs' returned '2': CMAKE_PREFIX_PATH=${CMAKE_PREFIX_PATH}:/home/aakashraawat/colcon_ws/install/examples_tf2_py:/home/aakashraawat/colcon_ws/install/simulink_subscriber:/home/aakashraawat/colcon_ws/install/unity_robotics_demo:/home/aakashraawat/colcon_ws/install/ros_tcp_endpoint:/home/aakashraawat/colcon_ws/install/py_pubsub:/opt/ros/foxy /usr/bin/cmake --build /home/aakashraawat/colcon_ws/build/unity_robotics_msgs -- -j20 -l20
